  OOP LABA4.cpp
D:\VisualStudio\VC\Tools\MSVC\14.33.31629\include\thread(55,14): error C2672: 'invoke': no matching overloaded function found
D:\VisualStudio\VC\Tools\MSVC\14.33.31629\include\type_traits(1552,19): message : could be 'unknown-type std::invoke(_Callable &&,_Ty1 &&,_Types2 &&...) noexcept(<expr>)'
D:\VisualStudio\VC\Tools\MSVC\14.33.31629\include\thread(55,14): message : Failed to specialize function template 'unknown-type std::invoke(_Callable &&,_Ty1 &&,_Types2 &&...) noexcept(<expr>)'
D:\VisualStudio\VC\Tools\MSVC\14.33.31629\include\type_traits(1552): message : see declaration of 'std::invoke'
D:\VisualStudio\VC\Tools\MSVC\14.33.31629\include\thread(51,5): message : With the following template arguments:
D:\VisualStudio\VC\Tools\MSVC\14.33.31629\include\thread(51,5): message : '_Callable=void (__cdecl RightTriangle<T>::* )(const char *)'
D:\VisualStudio\VC\Tools\MSVC\14.33.31629\include\thread(51,5): message : '_Ty1=const char *'
D:\VisualStudio\VC\Tools\MSVC\14.33.31629\include\thread(51,5): message : '_Types2={}'
D:\VisualStudio\VC\Tools\MSVC\14.33.31629\include\type_traits(1546,19): message : or       'unknown-type std::invoke(_Callable &&) noexcept(<expr>)'
D:\VisualStudio\VC\Tools\MSVC\14.33.31629\include\thread(55,14): message : 'unknown-type std::invoke(_Callable &&) noexcept(<expr>)': expects 1 arguments - 2 provided
D:\VisualStudio\VC\Tools\MSVC\14.33.31629\include\type_traits(1546): message : see declaration of 'std::invoke'
D:\VisualStudio\VC\Tools\MSVC\14.33.31629\include\thread(61): message : see reference to function template instantiation 'unsigned int std::thread::_Invoke<_Tuple,0,1>(void *) noexcept' being compiled
D:\VisualStudio\VC\Tools\MSVC\14.33.31629\include\thread(66): message : see reference to function template instantiation 'unsigned int (__cdecl *std::thread::_Get_invoke<_Tuple,0,1>(std::integer_sequence<size_t,0,1>) noexcept)(void *)' being compiled
D:\VisualStudio\VC\Tools\MSVC\14.33.31629\include\thread(89): message : see reference to function template instantiation 'void std::thread::_Start<_Ty,const char*&>(_Fn &&,const char *&)' being compiled
          with
          [
              _Ty=void (__cdecl RightTriangle<long>::* )(const char *),
              _Fn=void (__cdecl RightTriangle<long>::* )(const char *)
          ]
D:\Labs\VS\OOP LABA4\OOP LABA4\RightTriangleInCircle.hpp(40): message : see reference to function template instantiation 'std::thread::thread<void(__cdecl RightTriangle<T>::* )(const char *),const char*&,0>(_Fn &&,const char *&)' being compiled
          with
          [
              T=long,
              _Fn=void (__cdecl RightTriangle<long>::* )(const char *)
          ]
D:\Labs\VS\OOP LABA4\OOP LABA4\RightTriangleInCircle.hpp(32): message : while compiling class template member function 'void RightTriangleInCircle<long>::printProperties(const char *)'
D:\Labs\VS\OOP LABA4\OOP LABA4\OOP LABA4.cpp(26): message : see reference to function template instantiation 'void RightTriangleInCircle<long>::printProperties(const char *)' being compiled
D:\Labs\VS\OOP LABA4\OOP LABA4\OOP LABA4.cpp(25): message : see reference to class template instantiation 'RightTriangleInCircle<long>' being compiled
