d:\labs\vs\oop laba4\oop laba4\x64\debug\vc143.pdb
d:\labs\vs\oop laba4\oop laba4\x64\debug\vc143.idb
d:\labs\vs\oop laba4\oop laba4\x64\debug\righttriangleincircle.obj
d:\labs\vs\oop laba4\oop laba4\x64\debug\oop laba4.obj
d:\labs\vs\oop laba4\oop laba4\x64\debug\righttriangle.obj
d:\labs\vs\oop laba4\x64\debug\oop laba4.pdb
d:\labs\vs\oop laba4\oop laba4\x64\debug\oop laba4.tlog\cl.command.1.tlog
d:\labs\vs\oop laba4\oop laba4\x64\debug\oop laba4.tlog\cl.read.1.tlog
d:\labs\vs\oop laba4\oop laba4\x64\debug\oop laba4.tlog\cl.write.1.tlog
d:\labs\vs\oop laba4\oop laba4\x64\debug\oop laba4.tlog\link-cvtres.read.1.tlog
d:\labs\vs\oop laba4\oop laba4\x64\debug\oop laba4.tlog\link-cvtres.write.1.tlog
d:\labs\vs\oop laba4\oop laba4\x64\debug\oop laba4.tlog\link-rc.read.1.tlog
d:\labs\vs\oop laba4\oop laba4\x64\debug\oop laba4.tlog\link-rc.write.1.tlog
d:\labs\vs\oop laba4\oop laba4\x64\debug\oop laba4.tlog\link.18888-cvtres.read.1.tlog
d:\labs\vs\oop laba4\oop laba4\x64\debug\oop laba4.tlog\link.18888-cvtres.write.1.tlog
d:\labs\vs\oop laba4\oop laba4\x64\debug\oop laba4.tlog\link.18888-rc.read.1.tlog
d:\labs\vs\oop laba4\oop laba4\x64\debug\oop laba4.tlog\link.18888-rc.write.1.tlog
d:\labs\vs\oop laba4\oop laba4\x64\debug\oop laba4.tlog\link.18888.read.1.tlog
d:\labs\vs\oop laba4\oop laba4\x64\debug\oop laba4.tlog\link.18888.read.2.tlog
d:\labs\vs\oop laba4\oop laba4\x64\debug\oop laba4.tlog\link.18888.write.1.tlog
d:\labs\vs\oop laba4\oop laba4\x64\debug\oop laba4.tlog\link.command.1.tlog
d:\labs\vs\oop laba4\oop laba4\x64\debug\oop laba4.tlog\link.read.1.tlog
d:\labs\vs\oop laba4\oop laba4\x64\debug\oop laba4.tlog\link.read.2.tlog
d:\labs\vs\oop laba4\oop laba4\x64\debug\oop laba4.tlog\link.read.3.tlog
d:\labs\vs\oop laba4\oop laba4\x64\debug\oop laba4.tlog\link.write.1.tlog
